# JRE version: Java(TM) SE Runtime Environment (8.0_111-b14) (build 1.8.0_111-b14)
# Java VM: Java HotSpot(TM) 64-Bit Server VM (25.111-b14 mixed mode windows-amd64 compressed oops)
Heap:
 PSYoungGen      total 138240K, used 122981K [0x00000000d5580000, 0x00000000de180000, 0x0000000100000000)
  eden space 133120K, 90% used [0x00000000d5580000,0x00000000dcb192b0,0x00000000dd780000)
  from space 5120K, 50% used [0x00000000ddc80000,0x00000000ddf00420,0x00000000de180000)
  to   space 5120K, 0% used [0x00000000dd780000,0x00000000dd780000,0x00000000ddc80000)
 ParOldGen       total 87552K, used 185K [0x0000000080000000, 0x0000000085580000, 0x00000000d5580000)
  object space 87552K, 0% used [0x0000000080000000,0x000000008002e6b0,0x0000000085580000)
 Metaspace       used 10788K, capacity 11003K, committed 11264K, reserved 1058816K
  class space    used 930K, capacity 1014K, committed 1024K, reserved 1048576K
GC Heap History (10 events):
Event: 1.822 GC heap before
{Heap before GC invocations=2 (full 0):
 PSYoungGen      total 38400K, used 37620K [0x00000000d5580000, 0x00000000d8000000, 0x0000000100000000)
  eden space 33280K, 100% used [0x00000000d5580000,0x00000000d7600000,0x00000000d7600000)
  from space 5120K, 84% used [0x00000000d7600000,0x00000000d7a3d008,0x00000000d7b00000)
  to   space 5120K, 0% used [0x00000000d7b00000,0x00000000d7b00000,0x00000000d8000000)
 ParOldGen       total 87552K, used 144K [0x0000000080000000, 0x0000000085580000, 0x00000000d5580000)
  object space 87552K, 0% used [0x0000000080000000,0x0000000080024010,0x0000000085580000)
 Metaspace       used 9345K, capacity 9559K, committed 9728K, reserved 1058816K
  class space    used 853K, capacity 940K, committed 1024K, reserved 1048576K
Event: 1.827 GC heap after
Heap after GC invocations=2 (full 0):
 PSYoungGen      total 38400K, used 4325K [0x00000000d5580000, 0x00000000da080000, 0x0000000100000000)
  eden space 33280K, 0% used [0x00000000d5580000,0x00000000d5580000,0x00000000d7600000)
  from space 5120K, 84% used [0x00000000d7b00000,0x00000000d7f39670,0x00000000d8000000)
  to   space 5120K, 0% used [0x00000000d7600000,0x00000000d7600000,0x00000000d7b00000)
 ParOldGen       total 87552K, used 152K [0x0000000080000000, 0x0000000085580000, 0x00000000d5580000)
  object space 87552K, 0% used [0x0000000080000000,0x0000000080026010,0x0000000085580000)
 Metaspace       used 9345K, capacity 9559K, committed 9728K, reserved 1058816K
  class space    used 853K, capacity 940K, committed 1024K, reserved 1048576K
}
Event: 3.654 GC heap before
{Heap before GC invocations=3 (full 0):
 PSYoungGen      total 38400K, used 37605K [0x00000000d5580000, 0x00000000da080000, 0x0000000100000000)
  eden space 33280K, 100% used [0x00000000d5580000,0x00000000d7600000,0x00000000d7600000)
  from space 5120K, 84% used [0x00000000d7b00000,0x00000000d7f39670,0x00000000d8000000)
  to   space 5120K, 0% used [0x00000000d7600000,0x00000000d7600000,0x00000000d7b00000)
 ParOldGen       total 87552K, used 152K [0x0000000080000000, 0x0000000085580000, 0x00000000d5580000)
  object space 87552K, 0% used [0x0000000080000000,0x0000000080026010,0x0000000085580000)
 Metaspace       used 9462K, capacity 9623K, committed 9728K, reserved 1058816K
  class space    used 861K, capacity 940K, committed 1024K, reserved 1048576K
Event: 3.657 GC heap after
Heap after GC invocations=3 (full 0):
 PSYoungGen      total 38400K, used 2193K [0x00000000d5580000, 0x00000000da080000, 0x0000000100000000)
  eden space 33280K, 0% used [0x00000000d5580000,0x00000000d5580000,0x00000000d7600000)
  from space 5120K, 42% used [0x00000000d7600000,0x00000000d7824410,0x00000000d7b00000)
  to   space 5120K, 0% used [0x00000000d9b80000,0x00000000d9b80000,0x00000000da080000)
 ParOldGen       total 87552K, used 160K [0x0000000080000000, 0x0000000085580000, 0x00000000d5580000)
  object space 87552K, 0% used [0x0000000080000000,0x0000000080028010,0x0000000085580000)
 Metaspace       used 9462K, capacity 9623K, committed 9728K, reserved 1058816K
  class space    used 861K, capacity 940K, committed 1024K, reserved 1048576K
}
Event: 3.921 GC heap before
{Heap before GC invocations=4 (full 0):
 PSYoungGen      total 38400K, used 35473K [0x00000000d5580000, 0x00000000da080000, 0x0000000100000000)
  eden space 33280K, 100% used [0x00000000d5580000,0x00000000d7600000,0x00000000d7600000)
  from space 5120K, 42% used [0x00000000d7600000,0x00000000d7824410,0x00000000d7b00000)
  to   space 5120K, 0% used [0x00000000d9b80000,0x00000000d9b80000,0x00000000da080000)
 ParOldGen       total 87552K, used 160K [0x0000000080000000, 0x0000000085580000, 0x00000000d5580000)
  object space 87552K, 0% used [0x0000000080000000,0x0000000080028010,0x0000000085580000)
 Metaspace       used 9502K, capacity 9687K, committed 9984K, reserved 1058816K
  class space    used 861K, capacity 940K, committed 1024K, reserved 1048576K
Event: 3.925 GC heap after
Heap after GC invocations=4 (full 0):
 PSYoungGen      total 71680K, used 2368K [0x00000000d5580000, 0x00000000da080000, 0x0000000100000000)
  eden space 66560K, 0% used [0x00000000d5580000,0x00000000d5580000,0x00000000d9680000)
  from space 5120K, 46% used [0x00000000d9b80000,0x00000000d9dd0000,0x00000000da080000)
  to   space 5120K, 0% used [0x00000000d9680000,0x00000000d9680000,0x00000000d9b80000)
 ParOldGen       total 87552K, used 168K [0x0000000080000000, 0x0000000085580000, 0x00000000d5580000)
  object space 87552K, 0% used [0x0000000080000000,0x000000008002a010,0x0000000085580000)
 Metaspace       used 9502K, capacity 9687K, committed 9984K, reserved 1058816K
  class space    used 861K, capacity 940K, committed 1024K, reserved 1048576K
}
Event: 4.437 GC heap before
{Heap before GC invocations=5 (full 0):
 PSYoungGen      total 71680K, used 68928K [0x00000000d5580000, 0x00000000da080000, 0x0000000100000000)
  eden space 66560K, 100% used [0x00000000d5580000,0x00000000d9680000,0x00000000d9680000)
  from space 5120K, 46% used [0x00000000d9b80000,0x00000000d9dd0000,0x00000000da080000)
  to   space 5120K, 0% used [0x00000000d9680000,0x00000000d9680000,0x00000000d9b80000)
 ParOldGen       total 87552K, used 169K [0x0000000080000000, 0x0000000085580000, 0x00000000d5580000)
  object space 87552K, 0% used [0x0000000080000000,0x000000008002a6b0,0x0000000085580000)
 Metaspace       used 9556K, capacity 9783K, committed 9984K, reserved 1058816K
  class space    used 867K, capacity 972K, committed 1024K, reserved 1048576K
Event: 4.442 GC heap after
Heap after GC invocations=5 (full 0):
 PSYoungGen      total 71680K, used 2592K [0x00000000d5580000, 0x00000000de180000, 0x0000000100000000)
  eden space 66560K, 0% used [0x00000000d5580000,0x00000000d5580000,0x00000000d9680000)
  from space 5120K, 50% used [0x00000000d9680000,0x00000000d9908020,0x00000000d9b80000)
  to   space 5120K, 0% used [0x00000000ddc80000,0x00000000ddc80000,0x00000000de180000)
 ParOldGen       total 87552K, used 177K [0x0000000080000000, 0x0000000085580000, 0x00000000d5580000)
  object space 87552K, 0% used [0x0000000080000000,0x000000008002c6b0,0x0000000085580000)
 Metaspace       used 9556K, capacity 9783K, committed 9984K, reserved 1058816K
  class space    used 867K, capacity 972K, committed 1024K, reserved 1048576K
}
Event: 4.442 GC heap before
{Heap before GC invocations=6 (full 0):
 PSYoungGen      total 71680K, used 2942K [0x00000000d5580000, 0x00000000de180000, 0x0000000100000000)
  eden space 66560K, 0% used [0x00000000d5580000,0x00000000d55d7820,0x00000000d9680000)
  from space 5120K, 50% used [0x00000000d9680000,0x00000000d9908020,0x00000000d9b80000)
  to   space 5120K, 0% used [0x00000000ddc80000,0x00000000ddc80000,0x00000000de180000)
 ParOldGen       total 87552K, used 177K [0x0000000080000000, 0x0000000085580000, 0x00000000d5580000)
  object space 87552K, 0% used [0x0000000080000000,0x000000008002c6b0,0x0000000085580000)
 Metaspace       used 9556K, capacity 9783K, committed 9984K, reserved 1058816K
  class space    used 867K, capacity 972K, committed 1024K, reserved 1048576K
Event: 4.446 GC heap after
Heap after GC invocations=6 (full 0):
 PSYoungGen      total 138240K, used 2561K [0x00000000d5580000, 0x00000000de180000, 0x0000000100000000)
  eden space 133120K, 0% used [0x00000000d5580000,0x00000000d5580000,0x00000000dd780000)
  from space 5120K, 50% used [0x00000000ddc80000,0x00000000ddf00420,0x00000000de180000)
  to   space 5120K, 0% used [0x00000000dd780000,0x00000000dd780000,0x00000000ddc80000)
 ParOldGen       total 87552K, used 185K [0x0000000080000000, 0x0000000085580000, 0x00000000d5580000)
  object space 87552K, 0% used [0x0000000080000000,0x000000008002e6b0,0x0000000085580000)
 Metaspace       used 9556K, capacity 9783K, committed 9984K, reserved 1058816K
  class space    used 867K, capacity 972K, committed 1024K, reserved 1048576K
}

